0 info it worked if it ends with ok
1 verbose cli [ '/usr/local/Cellar/node/5.1.0/bin/node',
1 verbose cli   '/usr/local/bin/npm',
1 verbose cli   'start' ]
2 info using npm@3.3.12
3 info using node@v5.1.0
4 verbose run-script [ 'prestart', 'start', 'poststart' ]
5 info lifecycle GameOn@0.0.1~prestart: GameOn@0.0.1
6 silly lifecycle GameOn@0.0.1~prestart: no script for prestart, continuing
7 info lifecycle GameOn@0.0.1~start: GameOn@0.0.1
8 verbose lifecycle GameOn@0.0.1~start: unsafe-perm in lifecycle true
9 verbose lifecycle GameOn@0.0.1~start: PATH: /usr/local/lib/node_modules/npm/bin/node-gyp-bin:/Users/sweet/code/Game_On/node_modules/.bin:/usr/local/heroku/bin:/usr/local/bin:/usr/local/sbin:~/bin:/Users/sweet/.rbenv/bin:/Users/sweet/.rbenv/shims:/usr/local/bin:/usr/bin:/bin:/usr/sbin:/sbin:/usr/local/git/bin
10 verbose lifecycle GameOn@0.0.1~start: CWD: /Users/sweet/code/Game_On
11 silly lifecycle GameOn@0.0.1~start: Args: [ '-c',
11 silly lifecycle   'node node_modules/react-native/local-cli/cli.js start' ]
12 silly lifecycle GameOn@0.0.1~start: Returned: code: 1  signal: null
13 info lifecycle GameOn@0.0.1~start: Failed to exec start script
14 verbose stack Error: GameOn@0.0.1 start: `node node_modules/react-native/local-cli/cli.js start`
14 verbose stack Exit status 1
14 verbose stack     at EventEmitter.<anonymous> (/usr/local/lib/node_modules/npm/lib/utils/lifecycle.js:232:16)
14 verbose stack     at emitTwo (events.js:87:13)
14 verbose stack     at EventEmitter.emit (events.js:172:7)
14 verbose stack     at ChildProcess.<anonymous> (/usr/local/lib/node_modules/npm/lib/utils/spawn.js:24:14)
14 verbose stack     at emitTwo (events.js:87:13)
14 verbose stack     at ChildProcess.emit (events.js:172:7)
14 verbose stack     at maybeClose (internal/child_process.js:818:16)
14 verbose stack     at Process.ChildProcess._handle.onexit (internal/child_process.js:211:5)
15 verbose pkgid GameOn@0.0.1
16 verbose cwd /Users/sweet/code/Game_On
17 error Darwin 15.5.0
18 error argv "/usr/local/Cellar/node/5.1.0/bin/node" "/usr/local/bin/npm" "start"
19 error node v5.1.0
20 error npm  v3.3.12
21 error code ELIFECYCLE
22 error GameOn@0.0.1 start: `node node_modules/react-native/local-cli/cli.js start`
22 error Exit status 1
23 error Failed at the GameOn@0.0.1 start script 'node node_modules/react-native/local-cli/cli.js start'.
23 error Make sure you have the latest version of node.js and npm installed.
23 error If you do, this is most likely a problem with the GameOn package,
23 error not with npm itself.
23 error Tell the author that this fails on your system:
23 error     node node_modules/react-native/local-cli/cli.js start
23 error You can get their info via:
23 error     npm owner ls GameOn
23 error There is likely additional logging output above.
24 verbose exit [ 1, true ]
